<?xml version="1.0" encoding="UTF-8"?>
<!-- Generated by org.testng.reporters.JUnitReportReporter -->
<testsuite hostname="DESKTOP-TTSDGRR" failures="0" tests="1" name="com.demowebshop.testscript.LoginTest" time="46.357" errors="0" timestamp="2023-04-17T11:22:36 IST" skipped="0">
  <testcase classname="com.demowebshop.testscript.LoginTest" name="TC_005_verifyValidLoginMessage" time="46.357"/>
  <system-out/>
</testsuite> <!-- com.demowebshop.testscript.LoginTest -->
