<?xml version="1.0" encoding="UTF-8"?>
<!-- Generated by org.testng.reporters.JUnitReportReporter -->
<testsuite hostname="DESKTOP-TTSDGRR" failures="0" tests="1" name="com.demowebshop.testscript.HomeTest" time="40.302" errors="0" timestamp="2023-04-17T09:44:33 IST" skipped="0">
  <testcase classname="com.demowebshop.testscript.HomeTest" name="TC_001_verifyHomePageTitle" time="40.302"/>
  <system-out/>
</testsuite> <!-- com.demowebshop.testscript.HomeTest -->
